<?xml version="1.0" encoding="UTF-8"?>
<testng-results ignored="0" total="1" passed="1" failed="0" skipped="0">
  <reporter-output>
  </reporter-output>
  <suite started-at="2022-08-24T02:08:39 WIB" name="Default suite" finished-at="2022-08-24T02:10:09 WIB" duration-ms="90238">
    <groups>
    </groups>
    <test started-at="2022-08-24T02:08:39 WIB" name="Default test" finished-at="2022-08-24T02:10:09 WIB" duration-ms="90238">
      <class name="com.juaracoding.pageobjecttwo.TestPostTestNineteen">
        <test-method is-config="true" signature="setUp()[pri:0, instance:com.juaracoding.pageobjecttwo.TestPostTestNineteen@49d904ec]" started-at="2022-08-24T02:08:39 WIB" name="setUp" finished-at="2022-08-24T02:08:45 WIB" duration-ms="6193" status="PASS">
          <reporter-output>
          </reporter-output>
        </test-method> <!-- setUp -->
        <test-method is-config="true" signature="pageObjectTwo()[pri:0, instance:com.juaracoding.pageobjecttwo.TestPostTestNineteen@49d904ec]" started-at="2022-08-24T02:08:45 WIB" name="pageObjectTwo" finished-at="2022-08-24T02:08:45 WIB" duration-ms="19" status="PASS">
          <reporter-output>
          </reporter-output>
        </test-method> <!-- pageObjectTwo -->
        <test-method signature="testPostTestNineteen()[pri:0, instance:com.juaracoding.pageobjecttwo.TestPostTestNineteen@49d904ec]" started-at="2022-08-24T02:08:45 WIB" name="testPostTestNineteen" finished-at="2022-08-24T02:10:06 WIB" duration-ms="80733" status="PASS">
          <reporter-output>
          </reporter-output>
        </test-method> <!-- testPostTestNineteen -->
        <test-method is-config="true" signature="closeBrowser()[pri:0, instance:com.juaracoding.pageobjecttwo.TestPostTestNineteen@49d904ec]" started-at="2022-08-24T02:10:06 WIB" name="closeBrowser" finished-at="2022-08-24T02:10:09 WIB" duration-ms="3249" status="PASS">
          <reporter-output>
          </reporter-output>
        </test-method> <!-- closeBrowser -->
      </class> <!-- com.juaracoding.pageobjecttwo.TestPostTestNineteen -->
    </test> <!-- Default test -->
  </suite> <!-- Default suite -->
</testng-results>
